<?xml version="1.0" encoding="UTF-8"?><testsuite errors="0" failures="0" name="com.bestbuy.crudtest.StoreCURDTest" skipped="0" tests="4" time="3.44" timestamp="2023-06-05T12:26:35.540+01:00[Europe/London]"><testcase classname="com.bestbuy.crudtest.StoreCURDTest" name="Creating store and verifying the creation."/><testcase classname="com.bestbuy.crudtest.StoreCURDTest" name="Getting store information by id."/><testcase classname="com.bestbuy.crudtest.StoreCURDTest" name="Updating store information by id."/><testcase classname="com.bestbuy.crudtest.StoreCURDTest" name="Deleting the store and verifying the deletion."/></testsuite>