<?xml version="1.0" encoding="UTF-8"?><testsuite errors="0" failures="0" name="com.bestbuy.crudtest.ProductsCURDTest" skipped="0" tests="4" time="2.34" timestamp="2023-06-06T10:39:20.498+01:00[Europe/London]"><testcase classname="com.bestbuy.crudtest.ProductsCURDTest" name="Creating a new product."/><testcase classname="com.bestbuy.crudtest.ProductsCURDTest" name="Getting single product."/><testcase classname="com.bestbuy.crudtest.ProductsCURDTest" name="Updating the product."/><testcase classname="com.bestbuy.crudtest.ProductsCURDTest" name="Deleting the product and verifying the deletion."/></testsuite>